# JRE version: OpenJDK Runtime Environment JBR-11.0.9.11-944.49-jcef (11.0.9+11) (build 11.0.9+11-b944.49)
# Java VM: OpenJDK 64-Bit Server VM JBR-11.0.9.11-944.49-jcef (11.0.9+11-b944.49, mixed mode, tiered, compressed oops, g1 gc, windows-amd64)
Heap:
 garbage-first heap   total 155648K, used 32403K [0x0000000082400000, 0x0000000100000000)
  region size 1024K, 19 young (19456K), 4 survivors (4096K)
 Metaspace       used 41232K, capacity 42342K, committed 42496K, reserved 1087488K
  class space    used 4656K, capacity 5096K, committed 5120K, reserved 1048576K
GC Heap History (14 events):
Event: 0.980 GC heap before
{Heap before GC invocations=0 (full 0):
 garbage-first heap   total 129024K, used 23552K [0x0000000082400000, 0x0000000100000000)
  region size 1024K, 24 young (24576K), 0 survivors (0K)
 Metaspace       used 9172K, capacity 9281K, committed 9344K, reserved 1058816K
  class space    used 804K, capacity 838K, committed 896K, reserved 1048576K
}
Event: 0.990 GC heap after
{Heap after GC invocations=1 (full 0):
 garbage-first heap   total 129024K, used 4240K [0x0000000082400000, 0x0000000100000000)
  region size 1024K, 3 young (3072K), 3 survivors (3072K)
 Metaspace       used 9172K, capacity 9281K, committed 9344K, reserved 1058816K
  class space    used 804K, capacity 838K, committed 896K, reserved 1048576K
}
Event: 3.085 GC heap before
{Heap before GC invocations=1 (full 0):
 garbage-first heap   total 129024K, used 77968K [0x0000000082400000, 0x0000000100000000)
  region size 1024K, 75 young (76800K), 3 survivors (3072K)
 Metaspace       used 17279K, capacity 17684K, committed 17920K, reserved 1064960K
  class space    used 1829K, capacity 1972K, committed 2048K, reserved 1048576K
}
Event: 3.101 GC heap after
{Heap after GC invocations=2 (full 0):
 garbage-first heap   total 129024K, used 6830K [0x0000000082400000, 0x0000000100000000)
  region size 1024K, 6 young (6144K), 6 survivors (6144K)
 Metaspace       used 17279K, capacity 17684K, committed 17920K, reserved 1064960K
  class space    used 1829K, capacity 1972K, committed 2048K, reserved 1048576K
}
Event: 3.585 GC heap before
{Heap before GC invocations=2 (full 0):
 garbage-first heap   total 129024K, used 43694K [0x0000000082400000, 0x0000000100000000)
  region size 1024K, 44 young (45056K), 6 survivors (6144K)
 Metaspace       used 20700K, capacity 21142K, committed 21248K, reserved 1069056K
  class space    used 2285K, capacity 2464K, committed 2560K, reserved 1048576K
}
Event: 3.600 GC heap after
{Heap after GC invocations=3 (full 0):
 garbage-first heap   total 129024K, used 7901K [0x0000000082400000, 0x0000000100000000)
  region size 1024K, 4 young (4096K), 4 survivors (4096K)
 Metaspace       used 20700K, capacity 21142K, committed 21248K, reserved 1069056K
  class space    used 2285K, capacity 2464K, committed 2560K, reserved 1048576K
}
Event: 5.871 GC heap before
{Heap before GC invocations=4 (full 0):
 garbage-first heap   total 129024K, used 79581K [0x0000000082400000, 0x0000000100000000)
  region size 1024K, 75 young (76800K), 4 survivors (4096K)
 Metaspace       used 28071K, capacity 28860K, committed 28928K, reserved 1075200K
  class space    used 3278K, capacity 3560K, committed 3584K, reserved 1048576K
}
Event: 5.898 GC heap after
{Heap after GC invocations=5 (full 0):
 garbage-first heap   total 129024K, used 9304K [0x0000000082400000, 0x0000000100000000)
  region size 1024K, 5 young (5120K), 5 survivors (5120K)
 Metaspace       used 28071K, capacity 28860K, committed 28928K, reserved 1075200K
  class space    used 3278K, capacity 3560K, committed 3584K, reserved 1048576K
}
Event: 7.659 GC heap before
{Heap before GC invocations=5 (full 0):
 garbage-first heap   total 129024K, used 79960K [0x0000000082400000, 0x0000000100000000)
  region size 1024K, 75 young (76800K), 5 survivors (5120K)
 Metaspace       used 34726K, capacity 35712K, committed 35840K, reserved 1081344K
  class space    used 4050K, capacity 4445K, committed 4480K, reserved 1048576K
}
Event: 7.684 GC heap after
{Heap after GC invocations=6 (full 0):
 garbage-first heap   total 155648K, used 15227K [0x0000000082400000, 0x0000000100000000)
  region size 1024K, 10 young (10240K), 10 survivors (10240K)
 Metaspace       used 34726K, capacity 35712K, committed 35840K, reserved 1081344K
  class space    used 4050K, capacity 4445K, committed 4480K, reserved 1048576K
}
Event: 7.707 GC heap before
{Heap before GC invocations=6 (full 0):
 garbage-first heap   total 155648K, used 17275K [0x0000000082400000, 0x0000000100000000)
  region size 1024K, 13 young (13312K), 10 survivors (10240K)
 Metaspace       used 34860K, capacity 35864K, committed 36096K, reserved 1081344K
  class space    used 4063K, capacity 4453K, committed 4480K, reserved 1048576K
}
Event: 7.737 GC heap after
{Heap after GC invocations=7 (full 0):
 garbage-first heap   total 155648K, used 16070K [0x0000000082400000, 0x0000000100000000)
  region size 1024K, 7 young (7168K), 7 survivors (7168K)
 Metaspace       used 34860K, capacity 35864K, committed 36096K, reserved 1081344K
  class space    used 4063K, capacity 4453K, committed 4480K, reserved 1048576K
}
Event: 8.721 GC heap before
{Heap before GC invocations=8 (full 0):
 garbage-first heap   total 155648K, used 71366K [0x0000000082400000, 0x0000000100000000)
  region size 1024K, 62 young (63488K), 7 survivors (7168K)
 Metaspace       used 39713K, capacity 40776K, committed 40832K, reserved 1085440K
  class space    used 4505K, capacity 4939K, committed 4992K, reserved 1048576K
}
Event: 8.737 GC heap after
{Heap after GC invocations=9 (full 0):
 garbage-first heap   total 155648K, used 19091K [0x0000000082400000, 0x0000000100000000)
  region size 1024K, 4 young (4096K), 4 survivors (4096K)
 Metaspace       used 39713K, capacity 40776K, committed 40832K, reserved 1085440K
  class space    used 4505K, capacity 4939K, committed 4992K, reserved 1048576K
}

